Start testing: Apr 11 15:35 MDT
----------------------------------------------------------
1/2 Testing: TokenizerTests
1/2 Test: TokenizerTests
Command: "/Users/amirmohammadtavakkoli/project/UNIX-Command-Line-Interface/build/test_tokenizer"
Directory: /Users/amirmohammadtavakkoli/project/UNIX-Command-Line-Interface/build
"TokenizerTests" start time: Apr 11 15:35 MDT
Output:
----------------------------------------------------------
Running main() from /Users/amirmohammadtavakkoli/project/UNIX-Command-Line-Interface/build/_deps/googletest-src/googletest/src/gtest_main.cc
[==========] Running 54 tests from 9 test suites.
[----------] Global test environment set-up.
[----------] 8 tests from TrimTest
[ RUN      ] TrimTest.TrimWhitespace
[       OK ] TrimTest.TrimWhitespace (0 ms)
[ RUN      ] TrimTest.TrimTabs
[       OK ] TrimTest.TrimTabs (0 ms)
[ RUN      ] TrimTest.TrimNewlines
[       OK ] TrimTest.TrimNewlines (0 ms)
[ RUN      ] TrimTest.NoTrimNeeded
[       OK ] TrimTest.NoTrimNeeded (0 ms)
[ RUN      ] TrimTest.EmptyString
[       OK ] TrimTest.EmptyString (0 ms)
[ RUN      ] TrimTest.AllWhitespace
[       OK ] TrimTest.AllWhitespace (0 ms)
[ RUN      ] TrimTest.LtrimOnly
[       OK ] TrimTest.LtrimOnly (0 ms)
[ RUN      ] TrimTest.RtrimOnly
[       OK ] TrimTest.RtrimOnly (0 ms)
[----------] 8 tests from TrimTest (0 ms total)

[----------] 9 tests from TokenizerSpaceTest
[ RUN      ] TokenizerSpaceTest.BasicSplit
[       OK ] TokenizerSpaceTest.BasicSplit (0 ms)
[ RUN      ] TokenizerSpaceTest.ExtraWhitespace
[       OK ] TokenizerSpaceTest.ExtraWhitespace (0 ms)
[ RUN      ] TokenizerSpaceTest.SingleToken
[       OK ] TokenizerSpaceTest.SingleToken (0 ms)
[ RUN      ] TokenizerSpaceTest.EmptyInput
[       OK ] TokenizerSpaceTest.EmptyInput (0 ms)
[ RUN      ] TokenizerSpaceTest.OnlySpaces
[       OK ] TokenizerSpaceTest.OnlySpaces (0 ms)
[ RUN      ] TokenizerSpaceTest.DoubleQuotedString
[       OK ] TokenizerSpaceTest.DoubleQuotedString (0 ms)
[ RUN      ] TokenizerSpaceTest.SingleQuotedString
[       OK ] TokenizerSpaceTest.SingleQuotedString (0 ms)
[ RUN      ] TokenizerSpaceTest.EscapedQuote
[       OK ] TokenizerSpaceTest.EscapedQuote (0 ms)
[ RUN      ] TokenizerSpaceTest.EscapedBackslash
[       OK ] TokenizerSpaceTest.EscapedBackslash (0 ms)
[----------] 9 tests from TokenizerSpaceTest (0 ms total)

[----------] 4 tests from TokenizerAndTest
[ RUN      ] TokenizerAndTest.TwoCommands
[       OK ] TokenizerAndTest.TwoCommands (0 ms)
[ RUN      ] TokenizerAndTest.ThreeCommands
[       OK ] TokenizerAndTest.ThreeCommands (0 ms)
[ RUN      ] TokenizerAndTest.NoDelimiter
[       OK ] TokenizerAndTest.NoDelimiter (0 ms)
[ RUN      ] TokenizerAndTest.QuotedAndInside
[       OK ] TokenizerAndTest.QuotedAndInside (0 ms)
[----------] 4 tests from TokenizerAndTest (0 ms total)

[----------] 3 tests from TokenizerRedirectTest
[ RUN      ] TokenizerRedirectTest.BasicRedirect
[       OK ] TokenizerRedirectTest.BasicRedirect (0 ms)
[ RUN      ] TokenizerRedirectTest.NoRedirect
[       OK ] TokenizerRedirectTest.NoRedirect (0 ms)
[ RUN      ] TokenizerRedirectTest.QuotedRedirect
[       OK ] TokenizerRedirectTest.QuotedRedirect (0 ms)
[----------] 3 tests from TokenizerRedirectTest (0 ms total)

[----------] 3 tests from TokenizerPipeTest
[ RUN      ] TokenizerPipeTest.BasicPipe
[       OK ] TokenizerPipeTest.BasicPipe (0 ms)
[ RUN      ] TokenizerPipeTest.TriplePipe
[       OK ] TokenizerPipeTest.TriplePipe (0 ms)
[ RUN      ] TokenizerPipeTest.QuotedPipe
[       OK ] TokenizerPipeTest.QuotedPipe (0 ms)
[----------] 3 tests from TokenizerPipeTest (0 ms total)

[----------] 3 tests from TokenizerTildeTest
[ RUN      ] TokenizerTildeTest.TildeExpandsToHome
[       OK ] TokenizerTildeTest.TildeExpandsToHome (0 ms)
[ RUN      ] TokenizerTildeTest.TildeAlone
[       OK ] TokenizerTildeTest.TildeAlone (0 ms)
[ RUN      ] TokenizerTildeTest.NoTildeExpansion
[       OK ] TokenizerTildeTest.NoTildeExpansion (0 ms)
[----------] 3 tests from TokenizerTildeTest (0 ms total)

[----------] 8 tests from ExpandVarsTest
[ RUN      ] ExpandVarsTest.SimpleVar
[       OK ] ExpandVarsTest.SimpleVar (0 ms)
[ RUN      ] ExpandVarsTest.BracedVar
[       OK ] ExpandVarsTest.BracedVar (0 ms)
[ RUN      ] ExpandVarsTest.UndefinedVarEmpty
[       OK ] ExpandVarsTest.UndefinedVarEmpty (0 ms)
[ RUN      ] ExpandVarsTest.MixedText
[       OK ] ExpandVarsTest.MixedText (0 ms)
[ RUN      ] ExpandVarsTest.LoneDollar
[       OK ] ExpandVarsTest.LoneDollar (0 ms)
[ RUN      ] ExpandVarsTest.NoVars
[       OK ] ExpandVarsTest.NoVars (0 ms)
[ RUN      ] ExpandVarsTest.EmptyInput
[       OK ] ExpandVarsTest.EmptyInput (0 ms)
[ RUN      ] ExpandVarsTest.MultipleVars
[       OK ] ExpandVarsTest.MultipleVars (0 ms)
[----------] 8 tests from ExpandVarsTest (0 ms total)

[----------] 7 tests from ParseCommandLineTest
[ RUN      ] ParseCommandLineTest.SingleCommand
[       OK ] ParseCommandLineTest.SingleCommand (0 ms)
[ RUN      ] ParseCommandLineTest.AndOperator
[       OK ] ParseCommandLineTest.AndOperator (0 ms)
[ RUN      ] ParseCommandLineTest.OrOperator
[       OK ] ParseCommandLineTest.OrOperator (0 ms)
[ RUN      ] ParseCommandLineTest.SemicolonOperator
[       OK ] ParseCommandLineTest.SemicolonOperator (0 ms)
[ RUN      ] ParseCommandLineTest.MixedOperators
[       OK ] ParseCommandLineTest.MixedOperators (0 ms)
[ RUN      ] ParseCommandLineTest.QuotedOperatorsNotSplit
[       OK ] ParseCommandLineTest.QuotedOperatorsNotSplit (0 ms)
[ RUN      ] ParseCommandLineTest.EmptyInput
[       OK ] ParseCommandLineTest.EmptyInput (0 ms)
[----------] 7 tests from ParseCommandLineTest (0 ms total)

[----------] 9 tests from StripQuotesTest
[ RUN      ] StripQuotesTest.DoubleQuotes
[       OK ] StripQuotesTest.DoubleQuotes (0 ms)
[ RUN      ] StripQuotesTest.SingleQuotes
[       OK ] StripQuotesTest.SingleQuotes (0 ms)
[ RUN      ] StripQuotesTest.NoQuotes
[       OK ] StripQuotesTest.NoQuotes (0 ms)
[ RUN      ] StripQuotesTest.EmptyString
[       OK ] StripQuotesTest.EmptyString (0 ms)
[ RUN      ] StripQuotesTest.MismatchedQuotes
[       OK ] StripQuotesTest.MismatchedQuotes (0 ms)
[ RUN      ] StripQuotesTest.SingleChar
[       OK ] StripQuotesTest.SingleChar (0 ms)
[ RUN      ] StripQuotesTest.EmptyQuoted
[       OK ] StripQuotesTest.EmptyQuoted (0 ms)
[ RUN      ] StripQuotesTest.EmptySingleQuoted
[       OK ] StripQuotesTest.EmptySingleQuoted (0 ms)
[ RUN      ] StripQuotesTest.NestedQuotes
[       OK ] StripQuotesTest.NestedQuotes (0 ms)
[----------] 9 tests from StripQuotesTest (0 ms total)

[----------] Global test environment tear-down
[==========] 54 tests from 9 test suites ran. (0 ms total)
[  PASSED  ] 54 tests.
<end of output>
Test time =   0.32 sec
----------------------------------------------------------
Test Passed.
"TokenizerTests" end time: Apr 11 15:35 MDT
"TokenizerTests" time elapsed: 00:00:00
----------------------------------------------------------

2/2 Testing: IntegrationTests
2/2 Test: IntegrationTests
Command: "/Users/amirmohammadtavakkoli/project/UNIX-Command-Line-Interface/build/test_integration"
Directory: /Users/amirmohammadtavakkoli/project/UNIX-Command-Line-Interface/build
"IntegrationTests" start time: Apr 11 15:35 MDT
Output:
----------------------------------------------------------
[==========] Running 52 tests from 11 test suites.
[----------] Global test environment set-up.
[----------] 6 tests from Basic
[ RUN      ] Basic.EchoCommand
[       OK ] Basic.EchoCommand (192 ms)
[ RUN      ] Basic.PwdCommand
[       OK ] Basic.PwdCommand (5 ms)
[ RUN      ] Basic.ExitMessage
[       OK ] Basic.ExitMessage (5 ms)
[ RUN      ] Basic.CtrlDDoesNotCrash
[       OK ] Basic.CtrlDDoesNotCrash (5 ms)
[ RUN      ] Basic.EchoQuotedStripsQuotes
[       OK ] Basic.EchoQuotedStripsQuotes (9 ms)
[ RUN      ] Basic.BadCommand
[       OK ] Basic.BadCommand (7 ms)
[----------] 6 tests from Basic (226 ms total)

[----------] 5 tests from Redirect
[ RUN      ] Redirect.FileCreatedWithCorrectPermissions
[       OK ] Redirect.FileCreatedWithCorrectPermissions (8 ms)
[ RUN      ] Redirect.OverwriteExistingFile
[       OK ] Redirect.OverwriteExistingFile (15 ms)
[ RUN      ] Redirect.AppendToFile
[       OK ] Redirect.AppendToFile (15 ms)
[ RUN      ] Redirect.InputFromFile
[       OK ] Redirect.InputFromFile (8 ms)
[ RUN      ] Redirect.AppendDoesNotOverwrite
[       OK ] Redirect.AppendDoesNotOverwrite (14 ms)
[----------] 5 tests from Redirect (62 ms total)

[----------] 5 tests from Background
[ RUN      ] Background.BgStartsProcess
[       OK ] Background.BgStartsProcess (1012 ms)
[ RUN      ] Background.BgkillNoArgs
[       OK ] Background.BgkillNoArgs (11 ms)
[ RUN      ] Background.BgstopNoArgs
[       OK ] Background.BgstopNoArgs (8 ms)
[ RUN      ] Background.BgstartNoArgs
[       OK ] Background.BgstartNoArgs (7 ms)
[ RUN      ] Background.BgkillNonNumeric
[       OK ] Background.BgkillNonNumeric (7 ms)
[----------] 5 tests from Background (1046 ms total)

[----------] 6 tests from Cd
[ RUN      ] Cd.CdHome
[       OK ] Cd.CdHome (6 ms)
[ RUN      ] Cd.CdNoArgs
[       OK ] Cd.CdNoArgs (6 ms)
[ RUN      ] Cd.CdTmp
[       OK ] Cd.CdTmp (6 ms)
[ RUN      ] Cd.CdBadPath
[       OK ] Cd.CdBadPath (6 ms)
[ RUN      ] Cd.CdDashReturnsToPreviousDirectory
[       OK ] Cd.CdDashReturnsToPreviousDirectory (7 ms)
[ RUN      ] Cd.CdDashNoOldpwd
[       OK ] Cd.CdDashNoOldpwd (5 ms)
[----------] 6 tests from Cd (38 ms total)

[----------] 4 tests from Pipes
[ RUN      ] Pipes.SinglePipe
[       OK ] Pipes.SinglePipe (8 ms)
[ RUN      ] Pipes.PipeWithGrep
[       OK ] Pipes.PipeWithGrep (8 ms)
[ RUN      ] Pipes.TriplePipe
[       OK ] Pipes.TriplePipe (8 ms)
[ RUN      ] Pipes.PipeWithAndOperator
[       OK ] Pipes.PipeWithAndOperator (10 ms)
[----------] 4 tests from Pipes (35 ms total)

[----------] 2 tests from History
[ RUN      ] History.ShowsCommandHistory
[       OK ] History.ShowsCommandHistory (8 ms)
[ RUN      ] History.NumberedEntries
[       OK ] History.NumberedEntries (6 ms)
[----------] 2 tests from History (15 ms total)

[----------] 6 tests from EnvVars
[ RUN      ] EnvVars.ExpandHOME
[       OK ] EnvVars.ExpandHOME (7 ms)
[ RUN      ] EnvVars.ExpandUSER
[       OK ] EnvVars.ExpandUSER (7 ms)
[ RUN      ] EnvVars.ExportAndRead
[       OK ] EnvVars.ExportAndRead (7 ms)
[ RUN      ] EnvVars.UnsetVariable
[       OK ] EnvVars.UnsetVariable (7 ms)
[ RUN      ] EnvVars.UndefinedVarExpandsEmpty
[       OK ] EnvVars.UndefinedVarExpandsEmpty (8 ms)
[ RUN      ] EnvVars.ExportNoArgsListsVars
[       OK ] EnvVars.ExportNoArgsListsVars (5 ms)
[----------] 6 tests from EnvVars (43 ms total)

[----------] 2 tests from Glob
[ RUN      ] Glob.ExpandStar
[       OK ] Glob.ExpandStar (19 ms)
[ RUN      ] Glob.UnmatchedPatternPreserved
[       OK ] Glob.UnmatchedPatternPreserved (7 ms)
[----------] 2 tests from Glob (27 ms total)

[----------] 8 tests from Operators
[ RUN      ] Operators.AndRunsBoth
[       OK ] Operators.AndRunsBoth (10 ms)
[ RUN      ] Operators.SemicolonRunsBoth
[       OK ] Operators.SemicolonRunsBoth (8 ms)
[ RUN      ] Operators.OrRunsOnFailure
[       OK ] Operators.OrRunsOnFailure (8 ms)
[ RUN      ] Operators.OrSkipsOnSuccess
[       OK ] Operators.OrSkipsOnSuccess (6 ms)
[ RUN      ] Operators.AndSkipsOnFailure
[       OK ] Operators.AndSkipsOnFailure (6 ms)
[ RUN      ] Operators.AndRunsOnSuccess
[       OK ] Operators.AndRunsOnSuccess (9 ms)
[ RUN      ] Operators.SemicolonAfterFailure
[       OK ] Operators.SemicolonAfterFailure (9 ms)
[ RUN      ] Operators.MixedOperators
[       OK ] Operators.MixedOperators (10 ms)
[----------] 8 tests from Operators (70 ms total)

[----------] 3 tests from Tashrc
[ RUN      ] Tashrc.LoadsRcFileOnStartup
[       OK ] Tashrc.LoadsRcFileOnStartup (7 ms)
[ RUN      ] Tashrc.NoRcFileIsOkay
[       OK ] Tashrc.NoRcFileIsOkay (7 ms)
[ RUN      ] Tashrc.MultipleCommandsInRc
[       OK ] Tashrc.MultipleCommandsInRc (7 ms)
[----------] 3 tests from Tashrc (22 ms total)

[----------] 5 tests from Alias
[ RUN      ] Alias.AliasExpandsCommand
[       OK ] Alias.AliasExpandsCommand (10 ms)
[ RUN      ] Alias.AliasNoArgsListsAliases
[       OK ] Alias.AliasNoArgsListsAliases (5 ms)
[ RUN      ] Alias.UnaliasRemovesAlias
[       OK ] Alias.UnaliasRemovesAlias (11 ms)
[ RUN      ] Alias.AliasWithEcho
[       OK ] Alias.AliasWithEcho (7 ms)
[ RUN      ] Alias.AliasWithExtraArgs
[       OK ] Alias.AliasWithExtraArgs (7 ms)
[----------] 5 tests from Alias (42 ms total)

[----------] Global test environment tear-down
[==========] 52 tests from 11 test suites ran. (1630 ms total)
[  PASSED  ] 52 tests.
<end of output>
Test time =   1.82 sec
----------------------------------------------------------
Test Passed.
"IntegrationTests" end time: Apr 11 15:35 MDT
"IntegrationTests" time elapsed: 00:00:01
----------------------------------------------------------

End testing: Apr 11 15:35 MDT
